<?xml version="1.0" encoding="UTF-8"?>
<robot generator="Robot 4.1 (Python 3.8.7 on win32)" generated="20210904 23:25:56.870" rpa="false" schemaversion="2">
<suite id="s1" name="TC AddCart" source="E:\git\central_test\Testcases\TC_AddCart.robot">
<kw name="Initial Suit" library="common_keywords" type="SETUP">
<kw name="Set Selenium Timeout" library="SeleniumLibrary">
<arg>10</arg>
<doc>Sets the timeout that is used by various keywords.</doc>
<status status="PASS" starttime="20210904 23:25:57.182" endtime="20210904 23:25:57.182"/>
</kw>
<kw name="Set Selenium Implicit Wait" library="SeleniumLibrary">
<arg>10</arg>
<doc>Sets the implicit wait value used by Selenium.</doc>
<status status="PASS" starttime="20210904 23:25:57.182" endtime="20210904 23:25:57.182"/>
</kw>
<kw name="Create List" library="BuiltIn">
<var>${productDetails}</var>
<doc>Returns a list containing given items.</doc>
<msg timestamp="20210904 23:25:57.182" level="INFO">${productDetails} = []</msg>
<status status="PASS" starttime="20210904 23:25:57.182" endtime="20210904 23:25:57.182"/>
</kw>
<kw name="Set Suite Variable" library="BuiltIn">
<arg>${productDetails}</arg>
<doc>Makes a variable available everywhere within the scope of the current suite.</doc>
<msg timestamp="20210904 23:25:57.182" level="INFO">${productDetails} = []</msg>
<status status="PASS" starttime="20210904 23:25:57.182" endtime="20210904 23:25:57.182"/>
</kw>
<status status="PASS" starttime="20210904 23:25:57.182" endtime="20210904 23:25:57.182"/>
</kw>
<test id="s1-t1" name="Select item and Check item in Cart Success">
<kw name="Go to https://www.powerbuy.co.th/th/ page" library="common_keywords" sourcename="Go to ${url_powerbuy} page">
<kw name="Open Browser" library="SeleniumLibrary">
<arg>about:blank</arg>
<arg>chrome</arg>
<doc>Opens a new browser instance to the optional ``url``.</doc>
<msg timestamp="20210904 23:25:57.182" level="INFO">Opening browser 'chrome' to base url 'about:blank'.</msg>
<status status="PASS" starttime="20210904 23:25:57.182" endtime="20210904 23:25:58.322"/>
</kw>
<kw name="Go To" library="SeleniumLibrary">
<arg>${url_powerbuy}</arg>
<doc>Navigates the current browser window to the provided ``url``.</doc>
<msg timestamp="20210904 23:25:58.322" level="INFO">Opening url 'https://www.powerbuy.co.th/th/'</msg>
<status status="PASS" starttime="20210904 23:25:58.322" endtime="20210904 23:26:03.397"/>
</kw>
<status status="PASS" starttime="20210904 23:25:57.182" endtime="20210904 23:26:03.397"/>
</kw>
<kw name="Verify Power Buy page with '#1 Powerbuy© - ช้อปแบรนด์ดัง! สินค้าของแท้ 100% รับประกันการจัดส่ง'" library="common_keywords" sourcename="Verify Power Buy page with '${title}'">
<kw name="Title Should Be" library="SeleniumLibrary">
<arg>${title}</arg>
<doc>Verifies that the current page title equals ``title``.</doc>
<msg timestamp="20210904 23:26:03.480" level="INFO">Page title is '#1 Powerbuy© - ช้อปแบรนด์ดัง! สินค้าของแท้ 100% รับประกันการจัดส่ง'.</msg>
<status status="PASS" starttime="20210904 23:26:03.397" endtime="20210904 23:26:03.480"/>
</kw>
<kw name="Click Element" library="SeleniumLibrary">
<arg>img-logo-desktop</arg>
<doc>Click the element identified by ``locator``.</doc>
<msg timestamp="20210904 23:26:03.481" level="INFO">Clicking element 'img-logo-desktop'.</msg>
<status status="PASS" starttime="20210904 23:26:03.480" endtime="20210904 23:26:03.738"/>
</kw>
<status status="PASS" starttime="20210904 23:26:03.397" endtime="20210904 23:26:03.739"/>
</kw>
<kw name="Waiting Element //*[contains(@class,'MiniCart__CartQty-bJioin bNCDDv')]/span have value 0" library="common_keywords" sourcename="Waiting Element ${xpath} have value ${value}">
<kw name="Wait Until Element Contains" library="SeleniumLibrary">
<arg>${xpath}</arg>
<arg>${value}</arg>
<doc>Waits until the element ``locator`` contains ``text``.</doc>
<status status="PASS" starttime="20210904 23:26:03.739" endtime="20210904 23:26:03.783"/>
</kw>
<status status="PASS" starttime="20210904 23:26:03.739" endtime="20210904 23:26:03.783"/>
</kw>
<kw name="Search The Product" library="common_keywords">
<arg>txt-searchBox-input</arg>
<arg>TV</arg>
<kw name="Element Should Be Visible" library="SeleniumLibrary">
<arg>${xpath_input}</arg>
<doc>Verifies that the element identified by ``locator`` is visible.</doc>
<msg timestamp="20210904 23:26:03.810" level="INFO">Element 'txt-searchBox-input' is displayed.</msg>
<status status="PASS" starttime="20210904 23:26:03.784" endtime="20210904 23:26:03.810"/>
</kw>
<kw name="Input Text" library="SeleniumLibrary">
<arg>${xpath_input}</arg>
<arg>${value}</arg>
<doc>Types the given ``text`` into the text field identified by ``locator``.</doc>
<msg timestamp="20210904 23:26:03.811" level="INFO">Typing text 'TV' into text field 'txt-searchBox-input'.</msg>
<status status="PASS" starttime="20210904 23:26:03.810" endtime="20210904 23:26:03.935"/>
</kw>
<status status="PASS" starttime="20210904 23:26:03.783" endtime="20210904 23:26:03.935"/>
</kw>
<kw name="Click Button" library="common_keywords">
<arg>btn-searchBox-input</arg>
<kw name="Element Should Be Visible" library="SeleniumLibrary">
<arg>${btn}</arg>
<doc>Verifies that the element identified by ``locator`` is visible.</doc>
<msg timestamp="20210904 23:26:03.968" level="INFO">Element 'btn-searchBox-input' is displayed.</msg>
<status status="PASS" starttime="20210904 23:26:03.936" endtime="20210904 23:26:03.968"/>
</kw>
<kw name="Click Element" library="SeleniumLibrary">
<arg>${btn}</arg>
<doc>Click the element identified by ``locator``.</doc>
<msg timestamp="20210904 23:26:03.968" level="INFO">Clicking element 'btn-searchBox-input'.</msg>
<status status="PASS" starttime="20210904 23:26:03.968" endtime="20210904 23:26:04.215"/>
</kw>
<status status="PASS" starttime="20210904 23:26:03.936" endtime="20210904 23:26:04.215"/>
</kw>
<kw name="Sleep" library="BuiltIn">
<arg>5s</arg>
<doc>Pauses the test executed for the given time.</doc>
<msg timestamp="20210904 23:26:09.218" level="INFO">Slept 5 seconds</msg>
<status status="PASS" starttime="20210904 23:26:04.216" endtime="20210904 23:26:09.218"/>
</kw>
<kw name="Verify search success" library="common_keywords">
<arg>lnk-viewHome</arg>
<kw name="Wait Until Element Is Enabled" library="SeleniumLibrary">
<arg>${xpath_success}</arg>
<doc>Waits until the element ``locator`` is enabled.</doc>
<status status="PASS" starttime="20210904 23:26:09.219" endtime="20210904 23:26:09.645"/>
</kw>
<status status="PASS" starttime="20210904 23:26:09.218" endtime="20210904 23:26:09.646"/>
</kw>
<kw name="Filter Data By CheckBox" library="common_keywords">
<arg>//*[contains(@title, 'ช่วงขนาดหน้าจอ (นิ้ว)')]/div/div/div/div[1]/div/div</arg>
<kw name="Element Should Be Visible" library="SeleniumLibrary">
<arg>${xpath_checkbox}</arg>
<doc>Verifies that the element identified by ``locator`` is visible.</doc>
<msg timestamp="20210904 23:26:09.675" level="INFO">Element '//*[contains(@title, 'ช่วงขนาดหน้าจอ (นิ้ว)')]/div/div/div/div[1]/div/div' is displayed.</msg>
<status status="PASS" starttime="20210904 23:26:09.646" endtime="20210904 23:26:09.675"/>
</kw>
<kw name="Click Element" library="SeleniumLibrary">
<arg>${xpath_checkbox}</arg>
<doc>Click the element identified by ``locator``.</doc>
<msg timestamp="20210904 23:26:09.675" level="INFO">Clicking element '//*[contains(@title, 'ช่วงขนาดหน้าจอ (นิ้ว)')]/div/div/div/div[1]/div/div'.</msg>
<status status="PASS" starttime="20210904 23:26:09.675" endtime="20210904 23:26:10.349"/>
</kw>
<status status="PASS" starttime="20210904 23:26:09.646" endtime="20210904 23:26:10.349"/>
</kw>
<kw name="Waiting Element Visible" library="common_keywords">
<arg>//*[contains(@class,'ProductGridItem__Label-iQRkAY jLwkyu')]</arg>
<kw name="Element Should Be Visible" library="SeleniumLibrary">
<arg>${xpath}</arg>
<doc>Verifies that the element identified by ``locator`` is visible.</doc>
<msg timestamp="20210904 23:26:10.372" level="INFO">Element '//*[contains(@class,'ProductGridItem__Label-iQRkAY jLwkyu')]' is displayed.</msg>
<status status="PASS" starttime="20210904 23:26:10.350" endtime="20210904 23:26:10.372"/>
</kw>
<status status="PASS" starttime="20210904 23:26:10.350" endtime="20210904 23:26:10.372"/>
</kw>
<kw name="Sleep" library="BuiltIn">
<arg>5s</arg>
<doc>Pauses the test executed for the given time.</doc>
<msg timestamp="20210904 23:26:15.374" level="INFO">Slept 5 seconds</msg>
<status status="PASS" starttime="20210904 23:26:10.373" endtime="20210904 23:26:15.374"/>
</kw>
<kw name="Click Button" library="common_keywords">
<arg>productGrid-261091</arg>
<kw name="Element Should Be Visible" library="SeleniumLibrary">
<arg>${btn}</arg>
<doc>Verifies that the element identified by ``locator`` is visible.</doc>
<msg timestamp="20210904 23:26:16.707" level="INFO">Element 'productGrid-261091' is displayed.</msg>
<status status="PASS" starttime="20210904 23:26:15.375" endtime="20210904 23:26:16.707"/>
</kw>
<kw name="Click Element" library="SeleniumLibrary">
<arg>${btn}</arg>
<doc>Click the element identified by ``locator``.</doc>
<msg timestamp="20210904 23:26:16.707" level="INFO">Clicking element 'productGrid-261091'.</msg>
<status status="PASS" starttime="20210904 23:26:16.707" endtime="20210904 23:26:16.956"/>
</kw>
<status status="PASS" starttime="20210904 23:26:15.374" endtime="20210904 23:26:16.956"/>
</kw>
<kw name="Waiting Element Visible" library="common_keywords">
<arg>//*[contains(@class,'Button__StyledButton-r30g8h-0 uwdlB AddToCartButton__AddToCartButtonElem-dtemKR bwuoky')]</arg>
<kw name="Element Should Be Visible" library="SeleniumLibrary">
<arg>${xpath}</arg>
<doc>Verifies that the element identified by ``locator`` is visible.</doc>
<msg timestamp="20210904 23:26:18.446" level="INFO">Element '//*[contains(@class,'Button__StyledButton-r30g8h-0 uwdlB AddToCartButton__AddToCartButtonElem-dtemKR bwuoky')]' is displayed.</msg>
<status status="PASS" starttime="20210904 23:26:16.957" endtime="20210904 23:26:18.446"/>
</kw>
<status status="PASS" starttime="20210904 23:26:16.957" endtime="20210904 23:26:18.446"/>
</kw>
<kw name="Get Name of Product" library="common_keywords">
<arg>(//*[contains(@id,'link-brandName-productDetail')])[1]/span</arg>
<arg>lbl-productName-productDetail</arg>
<kw name="Get Text" library="SeleniumLibrary">
<var>${f_name}</var>
<arg>${f_xpath}</arg>
<doc>Returns the text value of the element identified by ``locator``.</doc>
<msg timestamp="20210904 23:26:18.466" level="INFO">${f_name} = PANASONIC</msg>
<status status="PASS" starttime="20210904 23:26:18.447" endtime="20210904 23:26:18.466"/>
</kw>
<kw name="Get Text" library="SeleniumLibrary">
<var>${l_name}</var>
<arg>${l_xpath}</arg>
<doc>Returns the text value of the element identified by ``locator``.</doc>
<msg timestamp="20210904 23:26:18.483" level="INFO">${l_name} = ทีวี UHD LED (55", 4K, Android) รุ่น TH-55HX600T</msg>
<status status="PASS" starttime="20210904 23:26:18.466" endtime="20210904 23:26:18.483"/>
</kw>
<kw name="Set Variable" library="BuiltIn">
<var>${name}</var>
<arg>${f_name}${l_name}</arg>
<doc>Returns the given values which can then be assigned to a variables.</doc>
<msg timestamp="20210904 23:26:18.484" level="INFO">${name} = PANASONICทีวี UHD LED (55", 4K, Android) รุ่น TH-55HX600T</msg>
<status status="PASS" starttime="20210904 23:26:18.484" endtime="20210904 23:26:18.484"/>
</kw>
<kw name="Log" library="BuiltIn">
<arg>${name}</arg>
<doc>Logs the given message with the given level.</doc>
<msg timestamp="20210904 23:26:18.484" level="INFO">PANASONICทีวี UHD LED (55", 4K, Android) รุ่น TH-55HX600T</msg>
<status status="PASS" starttime="20210904 23:26:18.484" endtime="20210904 23:26:18.484"/>
</kw>
<kw name="Append To List" library="Collections">
<arg>${productDetails}</arg>
<arg>${name}</arg>
<doc>Adds ``values`` to the end of ``list``.</doc>
<status status="PASS" starttime="20210904 23:26:18.484" endtime="20210904 23:26:18.484"/>
</kw>
<status status="PASS" starttime="20210904 23:26:18.447" endtime="20210904 23:26:18.484"/>
</kw>
<kw name="Click Button" library="common_keywords">
<arg>btn-addCart-261091</arg>
<kw name="Element Should Be Visible" library="SeleniumLibrary">
<arg>${btn}</arg>
<doc>Verifies that the element identified by ``locator`` is visible.</doc>
<msg timestamp="20210904 23:26:18.506" level="INFO">Element 'btn-addCart-261091' is displayed.</msg>
<status status="PASS" starttime="20210904 23:26:18.485" endtime="20210904 23:26:18.506"/>
</kw>
<kw name="Click Element" library="SeleniumLibrary">
<arg>${btn}</arg>
<doc>Click the element identified by ``locator``.</doc>
<msg timestamp="20210904 23:26:18.507" level="INFO">Clicking element 'btn-addCart-261091'.</msg>
<status status="PASS" starttime="20210904 23:26:18.506" endtime="20210904 23:26:18.801"/>
</kw>
<status status="PASS" starttime="20210904 23:26:18.485" endtime="20210904 23:26:18.801"/>
</kw>
<kw name="Waiting Element Visible" library="common_keywords">
<arg>//*[contains(@class,'Alert-jglfde-0 Notification__CustomAlert-lcdOEy fmgHJA')]</arg>
<kw name="Element Should Be Visible" library="SeleniumLibrary">
<arg>${xpath}</arg>
<doc>Verifies that the element identified by ``locator`` is visible.</doc>
<msg timestamp="20210904 23:26:21.858" level="INFO">Element '//*[contains(@class,'Alert-jglfde-0 Notification__CustomAlert-lcdOEy fmgHJA')]' is displayed.</msg>
<status status="PASS" starttime="20210904 23:26:18.803" endtime="20210904 23:26:21.858"/>
</kw>
<status status="PASS" starttime="20210904 23:26:18.803" endtime="20210904 23:26:21.858"/>
</kw>
<kw name="Waiting Element //*[contains(@class,'MiniCart__CartQty-bJioin bNCDDv')]/span have value 1" library="common_keywords" sourcename="Waiting Element ${xpath} have value ${value}">
<kw name="Wait Until Element Contains" library="SeleniumLibrary">
<arg>${xpath}</arg>
<arg>${value}</arg>
<doc>Waits until the element ``locator`` contains ``text``.</doc>
<status status="PASS" starttime="20210904 23:26:21.859" endtime="20210904 23:26:22.408"/>
</kw>
<status status="PASS" starttime="20210904 23:26:21.859" endtime="20210904 23:26:22.409"/>
</kw>
<kw name="Search The Product" library="common_keywords">
<arg>txt-searchBox-input</arg>
<arg>TV</arg>
<kw name="Element Should Be Visible" library="SeleniumLibrary">
<arg>${xpath_input}</arg>
<doc>Verifies that the element identified by ``locator`` is visible.</doc>
<msg timestamp="20210904 23:26:22.427" level="INFO">Element 'txt-searchBox-input' is displayed.</msg>
<status status="PASS" starttime="20210904 23:26:22.409" endtime="20210904 23:26:22.427"/>
</kw>
<kw name="Input Text" library="SeleniumLibrary">
<arg>${xpath_input}</arg>
<arg>${value}</arg>
<doc>Types the given ``text`` into the text field identified by ``locator``.</doc>
<msg timestamp="20210904 23:26:22.427" level="INFO">Typing text 'TV' into text field 'txt-searchBox-input'.</msg>
<status status="PASS" starttime="20210904 23:26:22.427" endtime="20210904 23:26:22.602"/>
</kw>
<status status="PASS" starttime="20210904 23:26:22.409" endtime="20210904 23:26:22.602"/>
</kw>
<kw name="Click Button" library="common_keywords">
<arg>btn-searchBox-input</arg>
<kw name="Element Should Be Visible" library="SeleniumLibrary">
<arg>${btn}</arg>
<doc>Verifies that the element identified by ``locator`` is visible.</doc>
<msg timestamp="20210904 23:26:22.733" level="INFO">Element 'btn-searchBox-input' is displayed.</msg>
<status status="PASS" starttime="20210904 23:26:22.604" endtime="20210904 23:26:22.733"/>
</kw>
<kw name="Click Element" library="SeleniumLibrary">
<arg>${btn}</arg>
<doc>Click the element identified by ``locator``.</doc>
<msg timestamp="20210904 23:26:22.733" level="INFO">Clicking element 'btn-searchBox-input'.</msg>
<status status="PASS" starttime="20210904 23:26:22.733" endtime="20210904 23:26:23.783"/>
</kw>
<status status="PASS" starttime="20210904 23:26:22.603" endtime="20210904 23:26:23.783"/>
</kw>
<kw name="Sleep" library="BuiltIn">
<arg>5s</arg>
<doc>Pauses the test executed for the given time.</doc>
<msg timestamp="20210904 23:26:28.788" level="INFO">Slept 5 seconds</msg>
<status status="PASS" starttime="20210904 23:26:23.784" endtime="20210904 23:26:28.788"/>
</kw>
<kw name="Verify search success" library="common_keywords">
<arg>lnk-viewHome</arg>
<kw name="Wait Until Element Is Enabled" library="SeleniumLibrary">
<arg>${xpath_success}</arg>
<doc>Waits until the element ``locator`` is enabled.</doc>
<status status="PASS" starttime="20210904 23:26:28.789" endtime="20210904 23:26:28.865"/>
</kw>
<status status="PASS" starttime="20210904 23:26:28.789" endtime="20210904 23:26:28.865"/>
</kw>
<kw name="Filter Data By CheckBox" library="common_keywords">
<arg>//*[contains(@title, 'ช่วงขนาดหน้าจอ (นิ้ว)')]/div/div/div/div[2]/div/div</arg>
<kw name="Element Should Be Visible" library="SeleniumLibrary">
<arg>${xpath_checkbox}</arg>
<doc>Verifies that the element identified by ``locator`` is visible.</doc>
<msg timestamp="20210904 23:26:28.916" level="INFO">Element '//*[contains(@title, 'ช่วงขนาดหน้าจอ (นิ้ว)')]/div/div/div/div[2]/div/div' is displayed.</msg>
<status status="PASS" starttime="20210904 23:26:28.865" endtime="20210904 23:26:28.916"/>
</kw>
<kw name="Click Element" library="SeleniumLibrary">
<arg>${xpath_checkbox}</arg>
<doc>Click the element identified by ``locator``.</doc>
<msg timestamp="20210904 23:26:28.917" level="INFO">Clicking element '//*[contains(@title, 'ช่วงขนาดหน้าจอ (นิ้ว)')]/div/div/div/div[2]/div/div'.</msg>
<status status="PASS" starttime="20210904 23:26:28.917" endtime="20210904 23:26:29.187"/>
</kw>
<status status="PASS" starttime="20210904 23:26:28.865" endtime="20210904 23:26:29.188"/>
</kw>
<kw name="Waiting Element Visible" library="common_keywords">
<arg>//*[contains(@class,'ProductGridItem__Label-iQRkAY jLwkyu')]</arg>
<kw name="Element Should Be Visible" library="SeleniumLibrary">
<arg>${xpath}</arg>
<doc>Verifies that the element identified by ``locator`` is visible.</doc>
<msg timestamp="20210904 23:26:29.226" level="INFO">Element '//*[contains(@class,'ProductGridItem__Label-iQRkAY jLwkyu')]' is displayed.</msg>
<status status="PASS" starttime="20210904 23:26:29.189" endtime="20210904 23:26:29.227"/>
</kw>
<status status="PASS" starttime="20210904 23:26:29.188" endtime="20210904 23:26:29.227"/>
</kw>
<kw name="Sleep" library="BuiltIn">
<arg>5s</arg>
<doc>Pauses the test executed for the given time.</doc>
<msg timestamp="20210904 23:26:34.227" level="INFO">Slept 5 seconds</msg>
<status status="PASS" starttime="20210904 23:26:29.227" endtime="20210904 23:26:34.227"/>
</kw>
<kw name="Click Button" library="common_keywords">
<arg>productGrid-261087</arg>
<kw name="Element Should Be Visible" library="SeleniumLibrary">
<arg>${btn}</arg>
<doc>Verifies that the element identified by ``locator`` is visible.</doc>
<msg timestamp="20210904 23:26:34.243" level="INFO">Element 'productGrid-261087' is displayed.</msg>
<status status="PASS" starttime="20210904 23:26:34.227" endtime="20210904 23:26:34.243"/>
</kw>
<kw name="Click Element" library="SeleniumLibrary">
<arg>${btn}</arg>
<doc>Click the element identified by ``locator``.</doc>
<msg timestamp="20210904 23:26:34.243" level="INFO">Clicking element 'productGrid-261087'.</msg>
<status status="PASS" starttime="20210904 23:26:34.243" endtime="20210904 23:26:34.452"/>
</kw>
<status status="PASS" starttime="20210904 23:26:34.227" endtime="20210904 23:26:34.452"/>
</kw>
<kw name="Waiting Element Visible" library="common_keywords">
<arg>//*[contains(@class,'Button__StyledButton-r30g8h-0 uwdlB AddToCartButton__AddToCartButtonElem-dtemKR bwuoky')]</arg>
<kw name="Element Should Be Visible" library="SeleniumLibrary">
<arg>${xpath}</arg>
<doc>Verifies that the element identified by ``locator`` is visible.</doc>
<msg timestamp="20210904 23:26:35.227" level="INFO">Element '//*[contains(@class,'Button__StyledButton-r30g8h-0 uwdlB AddToCartButton__AddToCartButtonElem-dtemKR bwuoky')]' is displayed.</msg>
<status status="PASS" starttime="20210904 23:26:34.453" endtime="20210904 23:26:35.227"/>
</kw>
<status status="PASS" starttime="20210904 23:26:34.453" endtime="20210904 23:26:35.227"/>
</kw>
<kw name="Get Name of Product" library="common_keywords">
<arg>(//*[contains(@id,'link-brandName-productDetail')])[1]/span</arg>
<arg>lbl-productName-productDetail</arg>
<kw name="Get Text" library="SeleniumLibrary">
<var>${f_name}</var>
<arg>${f_xpath}</arg>
<doc>Returns the text value of the element identified by ``locator``.</doc>
<msg timestamp="20210904 23:26:35.244" level="INFO">${f_name} = PANASONIC</msg>
<status status="PASS" starttime="20210904 23:26:35.228" endtime="20210904 23:26:35.244"/>
</kw>
<kw name="Get Text" library="SeleniumLibrary">
<var>${l_name}</var>
<arg>${l_xpath}</arg>
<doc>Returns the text value of the element identified by ``locator``.</doc>
<msg timestamp="20210904 23:26:35.295" level="INFO">${l_name} = ทีวี UHD LED (43", 4K, Android) รุ่น TH-43HX600T</msg>
<status status="PASS" starttime="20210904 23:26:35.244" endtime="20210904 23:26:35.295"/>
</kw>
<kw name="Set Variable" library="BuiltIn">
<var>${name}</var>
<arg>${f_name}${l_name}</arg>
<doc>Returns the given values which can then be assigned to a variables.</doc>
<msg timestamp="20210904 23:26:35.295" level="INFO">${name} = PANASONICทีวี UHD LED (43", 4K, Android) รุ่น TH-43HX600T</msg>
<status status="PASS" starttime="20210904 23:26:35.295" endtime="20210904 23:26:35.295"/>
</kw>
<kw name="Log" library="BuiltIn">
<arg>${name}</arg>
<doc>Logs the given message with the given level.</doc>
<msg timestamp="20210904 23:26:35.295" level="INFO">PANASONICทีวี UHD LED (43", 4K, Android) รุ่น TH-43HX600T</msg>
<status status="PASS" starttime="20210904 23:26:35.295" endtime="20210904 23:26:35.295"/>
</kw>
<kw name="Append To List" library="Collections">
<arg>${productDetails}</arg>
<arg>${name}</arg>
<doc>Adds ``values`` to the end of ``list``.</doc>
<status status="PASS" starttime="20210904 23:26:35.295" endtime="20210904 23:26:35.296"/>
</kw>
<status status="PASS" starttime="20210904 23:26:35.228" endtime="20210904 23:26:35.296"/>
</kw>
<kw name="Click Button" library="common_keywords">
<arg>btn-addCart-261087</arg>
<kw name="Element Should Be Visible" library="SeleniumLibrary">
<arg>${btn}</arg>
<doc>Verifies that the element identified by ``locator`` is visible.</doc>
<msg timestamp="20210904 23:26:35.313" level="INFO">Element 'btn-addCart-261087' is displayed.</msg>
<status status="PASS" starttime="20210904 23:26:35.297" endtime="20210904 23:26:35.313"/>
</kw>
<kw name="Click Element" library="SeleniumLibrary">
<arg>${btn}</arg>
<doc>Click the element identified by ``locator``.</doc>
<msg timestamp="20210904 23:26:35.314" level="INFO">Clicking element 'btn-addCart-261087'.</msg>
<status status="PASS" starttime="20210904 23:26:35.313" endtime="20210904 23:26:35.371"/>
</kw>
<status status="PASS" starttime="20210904 23:26:35.296" endtime="20210904 23:26:35.372"/>
</kw>
<kw name="Sleep" library="BuiltIn">
<arg>10s</arg>
<doc>Pauses the test executed for the given time.</doc>
<msg timestamp="20210904 23:26:45.375" level="INFO">Slept 10 seconds</msg>
<status status="PASS" starttime="20210904 23:26:35.372" endtime="20210904 23:26:45.375"/>
</kw>
<kw name="Waiting Element Visible" library="common_keywords">
<arg>//*[contains(@class,'Alert-jglfde-0 Notification__CustomAlert-lcdOEy fmgHJA')]</arg>
<kw name="Element Should Be Visible" library="SeleniumLibrary">
<arg>${xpath}</arg>
<doc>Verifies that the element identified by ``locator`` is visible.</doc>
<msg timestamp="20210904 23:26:45.439" level="INFO">Element '//*[contains(@class,'Alert-jglfde-0 Notification__CustomAlert-lcdOEy fmgHJA')]' is displayed.</msg>
<status status="PASS" starttime="20210904 23:26:45.375" endtime="20210904 23:26:45.439"/>
</kw>
<status status="PASS" starttime="20210904 23:26:45.375" endtime="20210904 23:26:45.439"/>
</kw>
<kw name="Waiting Element //*[contains(@class,'MiniCart__CartQty-bJioin bNCDDv')]/span have value 2" library="common_keywords" sourcename="Waiting Element ${xpath} have value ${value}">
<kw name="Wait Until Element Contains" library="SeleniumLibrary">
<arg>${xpath}</arg>
<arg>${value}</arg>
<doc>Waits until the element ``locator`` contains ``text``.</doc>
<status status="PASS" starttime="20210904 23:26:45.440" endtime="20210904 23:26:45.458"/>
</kw>
<status status="PASS" starttime="20210904 23:26:45.439" endtime="20210904 23:26:45.458"/>
</kw>
<kw name="Click Button" library="common_keywords">
<arg>//*[contains(@class,'Icon-sc-134752z-0 ksKMag')]</arg>
<kw name="Element Should Be Visible" library="SeleniumLibrary">
<arg>${btn}</arg>
<doc>Verifies that the element identified by ``locator`` is visible.</doc>
<msg timestamp="20210904 23:26:45.474" level="INFO">Element '//*[contains(@class,'Icon-sc-134752z-0 ksKMag')]' is displayed.</msg>
<status status="PASS" starttime="20210904 23:26:45.458" endtime="20210904 23:26:45.474"/>
</kw>
<kw name="Click Element" library="SeleniumLibrary">
<arg>${btn}</arg>
<doc>Click the element identified by ``locator``.</doc>
<msg timestamp="20210904 23:26:45.474" level="INFO">Clicking element '//*[contains(@class,'Icon-sc-134752z-0 ksKMag')]'.</msg>
<status status="PASS" starttime="20210904 23:26:45.474" endtime="20210904 23:26:46.081"/>
</kw>
<status status="PASS" starttime="20210904 23:26:45.458" endtime="20210904 23:26:46.081"/>
</kw>
<kw name="Check The Quantity At //*[contains(@class,'Text-sc-9p67zt-0 idNwrK')]/span/span should have 2" library="common_keywords" sourcename="Check The Quantity At ${xpath} should have ${value}">
<kw name="Wait Until Element Contains" library="SeleniumLibrary">
<arg>${xpath}</arg>
<arg>${value}</arg>
<doc>Waits until the element ``locator`` contains ``text``.</doc>
<status status="PASS" starttime="20210904 23:26:46.082" endtime="20210904 23:26:47.120"/>
</kw>
<status status="PASS" starttime="20210904 23:26:46.081" endtime="20210904 23:26:47.120"/>
</kw>
<kw name="Check Product in Cart Number '1'" library="common_keywords" sourcename="Check Product in Cart Number '${num}'">
<kw name="Get Text" library="SeleniumLibrary">
<var>${productName}</var>
<arg>(//*[contains(@class, 'MultipleLineClamp__ProductCutoffDot-jCGKBO fMOIos')])[${num}]</arg>
<doc>Returns the text value of the element identified by ``locator``.</doc>
<msg timestamp="20210904 23:26:47.192" level="INFO">${productName} = PANASONICทีวี UHD LED (43", 4K, Android) รุ่น TH-43HX600T</msg>
<status status="PASS" starttime="20210904 23:26:47.121" endtime="20210904 23:26:47.192"/>
</kw>
<kw name="Log" library="BuiltIn">
<arg>${productName}</arg>
<doc>Logs the given message with the given level.</doc>
<msg timestamp="20210904 23:26:47.192" level="INFO">PANASONICทีวี UHD LED (43", 4K, Android) รุ่น TH-43HX600T</msg>
<status status="PASS" starttime="20210904 23:26:47.192" endtime="20210904 23:26:47.192"/>
</kw>
<kw name="List Should Contain Value" library="Collections">
<arg>${productDetails}</arg>
<arg>${productName}</arg>
<doc>Fails if the ``value`` is not found from ``list``.</doc>
<status status="PASS" starttime="20210904 23:26:47.192" endtime="20210904 23:26:47.192"/>
</kw>
<for flavor="IN">
<var>${productDetail}</var>
<value>@{productDetails}</value>
<iter>
<var name="${productDetail}">PANASONICทีวี UHD LED (55", 4K, Android) รุ่น TH-55HX600T</var>
<kw name="Log" library="BuiltIn">
<arg>${productDetail}</arg>
<doc>Logs the given message with the given level.</doc>
<msg timestamp="20210904 23:26:47.193" level="INFO">PANASONICทีวี UHD LED (55", 4K, Android) รุ่น TH-55HX600T</msg>
<status status="PASS" starttime="20210904 23:26:47.193" endtime="20210904 23:26:47.193"/>
</kw>
<status status="PASS" starttime="20210904 23:26:47.193" endtime="20210904 23:26:47.193"/>
</iter>
<iter>
<var name="${productDetail}">PANASONICทีวี UHD LED (43", 4K, Android) รุ่น TH-43HX600T</var>
<kw name="Log" library="BuiltIn">
<arg>${productDetail}</arg>
<doc>Logs the given message with the given level.</doc>
<msg timestamp="20210904 23:26:47.193" level="INFO">PANASONICทีวี UHD LED (43", 4K, Android) รุ่น TH-43HX600T</msg>
<status status="PASS" starttime="20210904 23:26:47.193" endtime="20210904 23:26:47.193"/>
</kw>
<status status="PASS" starttime="20210904 23:26:47.193" endtime="20210904 23:26:47.193"/>
</iter>
<status status="PASS" starttime="20210904 23:26:47.192" endtime="20210904 23:26:47.193"/>
</for>
<status status="PASS" starttime="20210904 23:26:47.121" endtime="20210904 23:26:47.193"/>
</kw>
<kw name="Check Product in Cart Number '2'" library="common_keywords" sourcename="Check Product in Cart Number '${num}'">
<kw name="Get Text" library="SeleniumLibrary">
<var>${productName}</var>
<arg>(//*[contains(@class, 'MultipleLineClamp__ProductCutoffDot-jCGKBO fMOIos')])[${num}]</arg>
<doc>Returns the text value of the element identified by ``locator``.</doc>
<msg timestamp="20210904 23:26:47.213" level="INFO">${productName} = PANASONICทีวี UHD LED (55", 4K, Android) รุ่น TH-55HX600T</msg>
<status status="PASS" starttime="20210904 23:26:47.194" endtime="20210904 23:26:47.213"/>
</kw>
<kw name="Log" library="BuiltIn">
<arg>${productName}</arg>
<doc>Logs the given message with the given level.</doc>
<msg timestamp="20210904 23:26:47.213" level="INFO">PANASONICทีวี UHD LED (55", 4K, Android) รุ่น TH-55HX600T</msg>
<status status="PASS" starttime="20210904 23:26:47.213" endtime="20210904 23:26:47.213"/>
</kw>
<kw name="List Should Contain Value" library="Collections">
<arg>${productDetails}</arg>
<arg>${productName}</arg>
<doc>Fails if the ``value`` is not found from ``list``.</doc>
<status status="PASS" starttime="20210904 23:26:47.213" endtime="20210904 23:26:47.213"/>
</kw>
<for flavor="IN">
<var>${productDetail}</var>
<value>@{productDetails}</value>
<iter>
<var name="${productDetail}">PANASONICทีวี UHD LED (55", 4K, Android) รุ่น TH-55HX600T</var>
<kw name="Log" library="BuiltIn">
<arg>${productDetail}</arg>
<doc>Logs the given message with the given level.</doc>
<msg timestamp="20210904 23:26:47.214" level="INFO">PANASONICทีวี UHD LED (55", 4K, Android) รุ่น TH-55HX600T</msg>
<status status="PASS" starttime="20210904 23:26:47.214" endtime="20210904 23:26:47.214"/>
</kw>
<status status="PASS" starttime="20210904 23:26:47.214" endtime="20210904 23:26:47.214"/>
</iter>
<iter>
<var name="${productDetail}">PANASONICทีวี UHD LED (43", 4K, Android) รุ่น TH-43HX600T</var>
<kw name="Log" library="BuiltIn">
<arg>${productDetail}</arg>
<doc>Logs the given message with the given level.</doc>
<msg timestamp="20210904 23:26:47.214" level="INFO">PANASONICทีวี UHD LED (43", 4K, Android) รุ่น TH-43HX600T</msg>
<status status="PASS" starttime="20210904 23:26:47.214" endtime="20210904 23:26:47.214"/>
</kw>
<status status="PASS" starttime="20210904 23:26:47.214" endtime="20210904 23:26:47.214"/>
</iter>
<status status="PASS" starttime="20210904 23:26:47.214" endtime="20210904 23:26:47.214"/>
</for>
<status status="PASS" starttime="20210904 23:26:47.194" endtime="20210904 23:26:47.214"/>
</kw>
<doc>Success Cases</doc>
<status status="PASS" starttime="20210904 23:25:57.182" endtime="20210904 23:26:47.215"/>
</test>
<kw name="TearDown Suit" library="common_keywords" type="TEARDOWN">
<kw name="Close Browser" library="SeleniumLibrary">
<doc>Closes the current browser.</doc>
<status status="PASS" starttime="20210904 23:26:47.216" endtime="20210904 23:26:49.378"/>
</kw>
<status status="PASS" starttime="20210904 23:26:47.216" endtime="20210904 23:26:49.378"/>
</kw>
<status status="PASS" starttime="20210904 23:25:56.870" endtime="20210904 23:26:49.378"/>
</suite>
<statistics>
<total>
<stat pass="1" fail="0" skip="0">All Tests</stat>
</total>
<tag>
</tag>
<suite>
<stat pass="1" fail="0" skip="0" id="s1" name="TC AddCart">TC AddCart</stat>
</suite>
</statistics>
<errors>
</errors>
</robot>
